2024-11-08 07:21:14,000 - INFO - Queue cleared for KONICA MINOLTA C364SeriesPCL.
2024-11-08 07:22:41,716 - INFO - Queue cleared for KONICA MINOLTA C364SeriesPCL.
2024-11-08 07:22:56,720 - INFO - Queue cleared for KONICA MINOLTA C364SeriesPCL.
2024-11-08 07:23:11,724 - INFO - Queue cleared for KONICA MINOLTA C364SeriesPCL.
2024-11-08 07:23:26,733 - INFO - Queue cleared for KONICA MINOLTA C364SeriesPCL.
2024-11-08 07:23:41,742 - INFO - Queue cleared for KONICA MINOLTA C364SeriesPCL.
2024-11-08 07:23:56,753 - INFO - Queue cleared for KONICA MINOLTA C364SeriesPCL.
2024-11-08 07:24:48,111 - INFO - Queue cleared for KONICA MINOLTA C364SeriesPCL.
2024-11-08 07:24:50,440 - DEBUG - Importing BlpImagePlugin
2024-11-08 07:24:50,445 - DEBUG - Importing BmpImagePlugin
2024-11-08 07:24:50,445 - DEBUG - Importing BufrStubImagePlugin
2024-11-08 07:24:50,448 - DEBUG - Importing CurImagePlugin
2024-11-08 07:24:50,449 - DEBUG - Importing DcxImagePlugin
2024-11-08 07:24:50,451 - DEBUG - Importing DdsImagePlugin
2024-11-08 07:24:50,455 - DEBUG - Importing EpsImagePlugin
2024-11-08 07:24:50,456 - DEBUG - Importing FitsImagePlugin
2024-11-08 07:24:50,459 - DEBUG - Importing FliImagePlugin
2024-11-08 07:24:50,461 - DEBUG - Importing FpxImagePlugin
2024-11-08 07:24:50,464 - DEBUG - Image: failed to import FpxImagePlugin: No module named 'olefile'
2024-11-08 07:24:50,465 - DEBUG - Importing FtexImagePlugin
2024-11-08 07:24:50,466 - DEBUG - Importing GbrImagePlugin
2024-11-08 07:24:50,467 - DEBUG - Importing GifImagePlugin
2024-11-08 07:24:50,467 - DEBUG - Importing GribStubImagePlugin
2024-11-08 07:24:50,468 - DEBUG - Importing Hdf5StubImagePlugin
2024-11-08 07:24:50,469 - DEBUG - Importing IcnsImagePlugin
2024-11-08 07:24:50,471 - DEBUG - Importing IcoImagePlugin
2024-11-08 07:24:50,473 - DEBUG - Importing ImImagePlugin
2024-11-08 07:24:50,475 - DEBUG - Importing ImtImagePlugin
2024-11-08 07:24:50,476 - DEBUG - Importing IptcImagePlugin
2024-11-08 07:24:50,476 - DEBUG - Importing JpegImagePlugin
2024-11-08 07:24:50,477 - DEBUG - Importing Jpeg2KImagePlugin
2024-11-08 07:24:50,477 - DEBUG - Importing McIdasImagePlugin
2024-11-08 07:24:50,477 - DEBUG - Importing MicImagePlugin
2024-11-08 07:24:50,479 - DEBUG - Image: failed to import MicImagePlugin: No module named 'olefile'
2024-11-08 07:24:50,479 - DEBUG - Importing MpegImagePlugin
2024-11-08 07:24:50,480 - DEBUG - Importing MpoImagePlugin
2024-11-08 07:24:50,497 - DEBUG - Importing MspImagePlugin
2024-11-08 07:24:50,498 - DEBUG - Importing PalmImagePlugin
2024-11-08 07:24:50,500 - DEBUG - Importing PcdImagePlugin
2024-11-08 07:24:50,501 - DEBUG - Importing PcxImagePlugin
2024-11-08 07:24:50,502 - DEBUG - Importing PdfImagePlugin
2024-11-08 07:24:50,510 - DEBUG - Importing PixarImagePlugin
2024-11-08 07:24:50,511 - DEBUG - Importing PngImagePlugin
2024-11-08 07:24:50,511 - DEBUG - Importing PpmImagePlugin
2024-11-08 07:24:50,511 - DEBUG - Importing PsdImagePlugin
2024-11-08 07:24:50,512 - DEBUG - Importing QoiImagePlugin
2024-11-08 07:24:50,512 - DEBUG - Importing SgiImagePlugin
2024-11-08 07:24:50,513 - DEBUG - Importing SpiderImagePlugin
2024-11-08 07:24:50,514 - DEBUG - Importing SunImagePlugin
2024-11-08 07:24:50,515 - DEBUG - Importing TgaImagePlugin
2024-11-08 07:24:50,516 - DEBUG - Importing TiffImagePlugin
2024-11-08 07:24:50,516 - DEBUG - Importing WebPImagePlugin
2024-11-08 07:24:50,520 - DEBUG - Importing WmfImagePlugin
2024-11-08 07:24:50,521 - DEBUG - Importing XbmImagePlugin
2024-11-08 07:24:50,523 - DEBUG - Importing XpmImagePlugin
2024-11-08 07:24:50,524 - DEBUG - Importing XVThumbImagePlugin
2024-11-08 07:25:03,120 - INFO - Queue cleared for KONICA MINOLTA C364SeriesPCL.
2024-11-08 07:25:18,124 - INFO - Queue cleared for KONICA MINOLTA C364SeriesPCL.
2024-11-08 07:25:33,136 - INFO - Queue cleared for KONICA MINOLTA C364SeriesPCL.
2024-11-08 07:25:48,152 - INFO - Queue cleared for KONICA MINOLTA C364SeriesPCL.
2024-11-08 07:26:03,156 - INFO - Queue cleared for KONICA MINOLTA C364SeriesPCL.
2024-11-08 07:26:18,166 - INFO - Queue cleared for KONICA MINOLTA C364SeriesPCL.
2024-11-08 07:26:33,183 - INFO - Queue cleared for KONICA MINOLTA C364SeriesPCL.
2024-11-09 23:17:15,944 - DEBUG - Importing BlpImagePlugin
2024-11-09 23:17:15,945 - DEBUG - Importing BmpImagePlugin
2024-11-09 23:17:15,945 - DEBUG - Importing BufrStubImagePlugin
2024-11-09 23:17:15,946 - DEBUG - Importing CurImagePlugin
2024-11-09 23:17:15,946 - DEBUG - Importing DcxImagePlugin
2024-11-09 23:17:15,948 - DEBUG - Importing DdsImagePlugin
2024-11-09 23:17:15,952 - DEBUG - Importing EpsImagePlugin
2024-11-09 23:17:15,953 - DEBUG - Importing FitsImagePlugin
2024-11-09 23:17:15,954 - DEBUG - Importing FliImagePlugin
2024-11-09 23:17:15,955 - DEBUG - Importing FpxImagePlugin
2024-11-09 23:17:15,956 - DEBUG - Image: failed to import FpxImagePlugin: No module named 'olefile'
2024-11-09 23:17:15,957 - DEBUG - Importing FtexImagePlugin
2024-11-09 23:17:15,957 - DEBUG - Importing GbrImagePlugin
2024-11-09 23:17:15,958 - DEBUG - Importing GifImagePlugin
2024-11-09 23:17:15,958 - DEBUG - Importing GribStubImagePlugin
2024-11-09 23:17:15,959 - DEBUG - Importing Hdf5StubImagePlugin
2024-11-09 23:17:15,960 - DEBUG - Importing IcnsImagePlugin
2024-11-09 23:17:15,963 - DEBUG - Importing IcoImagePlugin
2024-11-09 23:17:15,965 - DEBUG - Importing ImImagePlugin
2024-11-09 23:17:15,966 - DEBUG - Importing ImtImagePlugin
2024-11-09 23:17:15,967 - DEBUG - Importing IptcImagePlugin
2024-11-09 23:17:15,967 - DEBUG - Importing JpegImagePlugin
2024-11-09 23:17:15,967 - DEBUG - Importing Jpeg2KImagePlugin
2024-11-09 23:17:15,967 - DEBUG - Importing McIdasImagePlugin
2024-11-09 23:17:15,968 - DEBUG - Importing MicImagePlugin
2024-11-09 23:17:15,969 - DEBUG - Image: failed to import MicImagePlugin: No module named 'olefile'
2024-11-09 23:17:15,969 - DEBUG - Importing MpegImagePlugin
2024-11-09 23:17:15,970 - DEBUG - Importing MpoImagePlugin
2024-11-09 23:17:15,976 - DEBUG - Importing MspImagePlugin
2024-11-09 23:17:15,977 - DEBUG - Importing PalmImagePlugin
2024-11-09 23:17:15,978 - DEBUG - Importing PcdImagePlugin
2024-11-09 23:17:15,979 - DEBUG - Importing PcxImagePlugin
2024-11-09 23:17:15,979 - DEBUG - Importing PdfImagePlugin
2024-11-09 23:17:15,984 - DEBUG - Importing PixarImagePlugin
2024-11-09 23:17:15,984 - DEBUG - Importing PngImagePlugin
2024-11-09 23:17:15,984 - DEBUG - Importing PpmImagePlugin
2024-11-09 23:17:15,984 - DEBUG - Importing PsdImagePlugin
2024-11-09 23:17:15,985 - DEBUG - Importing QoiImagePlugin
2024-11-09 23:17:15,986 - DEBUG - Importing SgiImagePlugin
2024-11-09 23:17:15,987 - DEBUG - Importing SpiderImagePlugin
2024-11-09 23:17:15,987 - DEBUG - Importing SunImagePlugin
2024-11-09 23:17:15,989 - DEBUG - Importing TgaImagePlugin
2024-11-09 23:17:15,989 - DEBUG - Importing TiffImagePlugin
2024-11-09 23:17:15,989 - DEBUG - Importing WebPImagePlugin
2024-11-09 23:17:16,007 - DEBUG - Importing WmfImagePlugin
2024-11-09 23:17:16,009 - DEBUG - Importing XbmImagePlugin
2024-11-09 23:17:16,010 - DEBUG - Importing XpmImagePlugin
2024-11-09 23:17:16,011 - DEBUG - Importing XVThumbImagePlugin
2024-11-09 23:17:30,305 - ERROR - Error destroying window: main thread is not in main loop
2024-11-09 23:35:14,331 - INFO - Queue cleared for Microsoft XPS Document Writer.
2024-11-09 23:35:19,036 - DEBUG - Importing BlpImagePlugin
2024-11-09 23:35:19,037 - DEBUG - Importing BmpImagePlugin
2024-11-09 23:35:19,037 - DEBUG - Importing BufrStubImagePlugin
2024-11-09 23:35:19,037 - DEBUG - Importing CurImagePlugin
2024-11-09 23:35:19,038 - DEBUG - Importing DcxImagePlugin
2024-11-09 23:35:19,039 - DEBUG - Importing DdsImagePlugin
2024-11-09 23:35:19,041 - DEBUG - Importing EpsImagePlugin
2024-11-09 23:35:19,042 - DEBUG - Importing FitsImagePlugin
2024-11-09 23:35:19,043 - DEBUG - Importing FliImagePlugin
2024-11-09 23:35:19,043 - DEBUG - Importing FpxImagePlugin
2024-11-09 23:35:19,044 - DEBUG - Image: failed to import FpxImagePlugin: No module named 'olefile'
2024-11-09 23:35:19,044 - DEBUG - Importing FtexImagePlugin
2024-11-09 23:35:19,045 - DEBUG - Importing GbrImagePlugin
2024-11-09 23:35:19,045 - DEBUG - Importing GifImagePlugin
2024-11-09 23:35:19,045 - DEBUG - Importing GribStubImagePlugin
2024-11-09 23:35:19,046 - DEBUG - Importing Hdf5StubImagePlugin
2024-11-09 23:35:19,046 - DEBUG - Importing IcnsImagePlugin
2024-11-09 23:35:19,048 - DEBUG - Importing IcoImagePlugin
2024-11-09 23:35:19,048 - DEBUG - Importing ImImagePlugin
2024-11-09 23:35:19,049 - DEBUG - Importing ImtImagePlugin
2024-11-09 23:35:19,049 - DEBUG - Importing IptcImagePlugin
2024-11-09 23:35:19,050 - DEBUG - Importing JpegImagePlugin
2024-11-09 23:35:19,050 - DEBUG - Importing Jpeg2KImagePlugin
2024-11-09 23:35:19,050 - DEBUG - Importing McIdasImagePlugin
2024-11-09 23:35:19,051 - DEBUG - Importing MicImagePlugin
2024-11-09 23:35:19,051 - DEBUG - Image: failed to import MicImagePlugin: No module named 'olefile'
2024-11-09 23:35:19,051 - DEBUG - Importing MpegImagePlugin
2024-11-09 23:35:19,052 - DEBUG - Importing MpoImagePlugin
2024-11-09 23:35:19,057 - DEBUG - Importing MspImagePlugin
2024-11-09 23:35:19,057 - DEBUG - Importing PalmImagePlugin
2024-11-09 23:35:19,058 - DEBUG - Importing PcdImagePlugin
2024-11-09 23:35:19,058 - DEBUG - Importing PcxImagePlugin
2024-11-09 23:35:19,058 - DEBUG - Importing PdfImagePlugin
2024-11-09 23:35:19,063 - DEBUG - Importing PixarImagePlugin
2024-11-09 23:35:19,063 - DEBUG - Importing PngImagePlugin
2024-11-09 23:35:19,063 - DEBUG - Importing PpmImagePlugin
2024-11-09 23:35:19,063 - DEBUG - Importing PsdImagePlugin
2024-11-09 23:35:19,064 - DEBUG - Importing QoiImagePlugin
2024-11-09 23:35:19,064 - DEBUG - Importing SgiImagePlugin
2024-11-09 23:35:19,065 - DEBUG - Importing SpiderImagePlugin
2024-11-09 23:35:19,065 - DEBUG - Importing SunImagePlugin
2024-11-09 23:35:19,066 - DEBUG - Importing TgaImagePlugin
2024-11-09 23:35:19,066 - DEBUG - Importing TiffImagePlugin
2024-11-09 23:35:19,066 - DEBUG - Importing WebPImagePlugin
2024-11-09 23:35:19,067 - DEBUG - Importing WmfImagePlugin
2024-11-09 23:35:19,068 - DEBUG - Importing XbmImagePlugin
2024-11-09 23:35:19,068 - DEBUG - Importing XpmImagePlugin
2024-11-09 23:35:19,069 - DEBUG - Importing XVThumbImagePlugin
2024-11-09 23:35:29,334 - INFO - Queue cleared for OneNote for Windows 10.
2024-11-09 23:35:44,347 - INFO - Queue cleared for OneNote for Windows 10.
2024-11-09 23:35:59,352 - INFO - Queue cleared for OneNote for Windows 10.
2024-11-09 23:36:14,355 - INFO - Queue cleared for OneNote for Windows 10.
2024-11-09 23:36:29,356 - INFO - Queue cleared for OneNote for Windows 10.
2024-11-09 23:36:44,360 - INFO - Queue cleared for OneNote for Windows 10.
2024-11-09 23:36:59,367 - INFO - Queue cleared for OneNote for Windows 10.
2024-11-09 23:37:14,382 - INFO - Queue cleared for OneNote for Windows 10.
2024-11-09 23:37:29,384 - INFO - Queue cleared for OneNote for Windows 10.
2024-11-09 23:37:44,390 - INFO - Queue cleared for OneNote for Windows 10.
2024-11-09 23:37:59,391 - INFO - Queue cleared for OneNote for Windows 10.
2024-11-09 23:38:14,400 - INFO - Queue cleared for OneNote for Windows 10.
2024-11-09 23:38:29,409 - INFO - Queue cleared for OneNote for Windows 10.
2024-11-09 23:38:44,411 - INFO - Queue cleared for OneNote for Windows 10.
2024-11-09 23:38:59,416 - INFO - Queue cleared for OneNote for Windows 10.
2024-11-09 23:39:14,427 - INFO - Queue cleared for OneNote for Windows 10.
2024-11-09 23:39:29,427 - INFO - Queue cleared for OneNote for Windows 10.
2024-11-09 23:39:44,436 - INFO - Queue cleared for OneNote for Windows 10.
2024-11-09 23:39:59,438 - INFO - Queue cleared for OneNote for Windows 10.
2024-11-09 23:40:14,452 - INFO - Queue cleared for OneNote for Windows 10.
2024-11-09 23:40:29,457 - INFO - Queue cleared for OneNote for Windows 10.
2024-11-09 23:40:44,466 - INFO - Queue cleared for OneNote for Windows 10.
2024-11-09 23:40:59,475 - INFO - Queue cleared for OneNote for Windows 10.
2024-11-09 23:41:14,476 - INFO - Queue cleared for OneNote for Windows 10.
2024-11-09 23:41:29,490 - INFO - Queue cleared for OneNote for Windows 10.
2024-11-09 23:41:44,504 - INFO - Queue cleared for OneNote for Windows 10.
2024-11-09 23:41:59,506 - INFO - Queue cleared for OneNote for Windows 10.
2024-11-09 23:42:14,520 - INFO - Queue cleared for OneNote for Windows 10.
2024-11-09 23:42:29,525 - INFO - Queue cleared for OneNote for Windows 10.
2024-11-09 23:42:44,528 - INFO - Queue cleared for OneNote for Windows 10.
2024-11-09 23:42:59,528 - INFO - Queue cleared for OneNote for Windows 10.
2024-11-09 23:43:14,539 - INFO - Queue cleared for OneNote for Windows 10.
2024-11-09 23:43:29,550 - INFO - Queue cleared for OneNote for Windows 10.
2024-11-09 23:43:44,556 - INFO - Queue cleared for OneNote for Windows 10.
2024-11-09 23:43:59,567 - INFO - Queue cleared for OneNote for Windows 10.
2024-11-09 23:44:14,575 - INFO - Queue cleared for OneNote for Windows 10.
2024-11-09 23:44:29,577 - INFO - Queue cleared for OneNote for Windows 10.
2024-11-09 23:44:44,588 - INFO - Queue cleared for OneNote for Windows 10.
2024-11-09 23:44:59,594 - INFO - Queue cleared for OneNote for Windows 10.
2024-11-09 23:45:14,596 - INFO - Queue cleared for OneNote for Windows 10.
2024-11-09 23:45:29,611 - INFO - Queue cleared for OneNote for Windows 10.
2024-11-09 23:45:44,619 - INFO - Queue cleared for OneNote for Windows 10.
2024-11-09 23:45:59,622 - INFO - Queue cleared for OneNote for Windows 10.
2024-11-09 23:46:14,632 - INFO - Queue cleared for OneNote for Windows 10.
2024-11-09 23:46:29,632 - INFO - Queue cleared for OneNote for Windows 10.
2024-11-09 23:46:44,638 - INFO - Queue cleared for OneNote for Windows 10.
2024-11-09 23:46:59,639 - INFO - Queue cleared for OneNote for Windows 10.
2024-11-09 23:47:14,647 - INFO - Queue cleared for OneNote for Windows 10.
2024-11-09 23:47:29,647 - INFO - Queue cleared for OneNote for Windows 10.
2024-11-09 23:47:44,655 - INFO - Queue cleared for OneNote for Windows 10.
2024-11-09 23:47:59,658 - INFO - Queue cleared for OneNote for Windows 10.
2024-11-09 23:48:14,660 - INFO - Queue cleared for OneNote for Windows 10.
2024-11-09 23:48:29,674 - INFO - Queue cleared for OneNote for Windows 10.
2024-11-09 23:48:44,685 - INFO - Queue cleared for OneNote for Windows 10.
2024-11-09 23:48:59,687 - INFO - Queue cleared for OneNote for Windows 10.
2024-11-09 23:49:14,688 - INFO - Queue cleared for OneNote for Windows 10.
2024-11-09 23:49:29,701 - INFO - Queue cleared for OneNote for Windows 10.
2024-11-09 23:49:44,712 - INFO - Queue cleared for OneNote for Windows 10.
2024-11-09 23:49:59,712 - INFO - Queue cleared for OneNote for Windows 10.
2024-11-09 23:50:14,721 - INFO - Queue cleared for OneNote for Windows 10.
2024-11-09 23:50:29,723 - INFO - Queue cleared for OneNote for Windows 10.
2024-11-09 23:50:44,730 - INFO - Queue cleared for OneNote for Windows 10.
2024-11-09 23:50:56,779 - ERROR - Error destroying window: main thread is not in main loop
2024-11-09 23:51:05,921 - INFO - Queue cleared for AnyDesk v4 Printer Driver.
2024-11-09 23:51:20,931 - INFO - Queue cleared for AnyDesk v4 Printer Driver.
2024-11-09 23:51:32,853 - DEBUG - Importing BlpImagePlugin
2024-11-09 23:51:32,854 - DEBUG - Importing BmpImagePlugin
2024-11-09 23:51:32,854 - DEBUG - Importing BufrStubImagePlugin
2024-11-09 23:51:32,854 - DEBUG - Importing CurImagePlugin
2024-11-09 23:51:32,855 - DEBUG - Importing DcxImagePlugin
2024-11-09 23:51:32,856 - DEBUG - Importing DdsImagePlugin
2024-11-09 23:51:32,858 - DEBUG - Importing EpsImagePlugin
2024-11-09 23:51:32,858 - DEBUG - Importing FitsImagePlugin
2024-11-09 23:51:32,860 - DEBUG - Importing FliImagePlugin
2024-11-09 23:51:32,860 - DEBUG - Importing FpxImagePlugin
2024-11-09 23:51:32,860 - DEBUG - Image: failed to import FpxImagePlugin: No module named 'olefile'
2024-11-09 23:51:32,860 - DEBUG - Importing FtexImagePlugin
2024-11-09 23:51:32,861 - DEBUG - Importing GbrImagePlugin
2024-11-09 23:51:32,862 - DEBUG - Importing GifImagePlugin
2024-11-09 23:51:32,862 - DEBUG - Importing GribStubImagePlugin
2024-11-09 23:51:32,862 - DEBUG - Importing Hdf5StubImagePlugin
2024-11-09 23:51:32,863 - DEBUG - Importing IcnsImagePlugin
2024-11-09 23:51:32,864 - DEBUG - Importing IcoImagePlugin
2024-11-09 23:51:32,865 - DEBUG - Importing ImImagePlugin
2024-11-09 23:51:32,865 - DEBUG - Importing ImtImagePlugin
2024-11-09 23:51:32,866 - DEBUG - Importing IptcImagePlugin
2024-11-09 23:51:32,866 - DEBUG - Importing JpegImagePlugin
2024-11-09 23:51:32,866 - DEBUG - Importing Jpeg2KImagePlugin
2024-11-09 23:51:32,866 - DEBUG - Importing McIdasImagePlugin
2024-11-09 23:51:32,867 - DEBUG - Importing MicImagePlugin
2024-11-09 23:51:32,868 - DEBUG - Image: failed to import MicImagePlugin: No module named 'olefile'
2024-11-09 23:51:32,868 - DEBUG - Importing MpegImagePlugin
2024-11-09 23:51:32,868 - DEBUG - Importing MpoImagePlugin
2024-11-09 23:51:32,873 - DEBUG - Importing MspImagePlugin
2024-11-09 23:51:32,874 - DEBUG - Importing PalmImagePlugin
2024-11-09 23:51:32,875 - DEBUG - Importing PcdImagePlugin
2024-11-09 23:51:32,875 - DEBUG - Importing PcxImagePlugin
2024-11-09 23:51:32,875 - DEBUG - Importing PdfImagePlugin
2024-11-09 23:51:32,880 - DEBUG - Importing PixarImagePlugin
2024-11-09 23:51:32,880 - DEBUG - Importing PngImagePlugin
2024-11-09 23:51:32,880 - DEBUG - Importing PpmImagePlugin
2024-11-09 23:51:32,880 - DEBUG - Importing PsdImagePlugin
2024-11-09 23:51:32,881 - DEBUG - Importing QoiImagePlugin
2024-11-09 23:51:32,882 - DEBUG - Importing SgiImagePlugin
2024-11-09 23:51:32,882 - DEBUG - Importing SpiderImagePlugin
2024-11-09 23:51:32,883 - DEBUG - Importing SunImagePlugin
2024-11-09 23:51:32,883 - DEBUG - Importing TgaImagePlugin
2024-11-09 23:51:32,884 - DEBUG - Importing TiffImagePlugin
2024-11-09 23:51:32,884 - DEBUG - Importing WebPImagePlugin
2024-11-09 23:51:32,885 - DEBUG - Importing WmfImagePlugin
2024-11-09 23:51:32,886 - DEBUG - Importing XbmImagePlugin
2024-11-09 23:51:32,886 - DEBUG - Importing XpmImagePlugin
2024-11-09 23:51:32,887 - DEBUG - Importing XVThumbImagePlugin
2024-11-09 23:51:35,942 - INFO - Queue cleared for AnyDesk v4 Printer Driver.
2024-11-09 23:51:42,139 - ERROR - Error destroying window: main thread is not in main loop
2024-11-09 23:52:02,432 - INFO - Queue cleared for AnyDesk v4 Printer Driver.
2024-11-09 23:52:17,442 - INFO - Queue cleared for AnyDesk v4 Printer Driver.
2024-11-09 23:52:32,469 - INFO - Queue cleared for AnyDesk v4 Printer Driver.
2024-11-09 23:52:36,143 - DEBUG - Importing BlpImagePlugin
2024-11-09 23:52:36,144 - DEBUG - Importing BmpImagePlugin
2024-11-09 23:52:36,144 - DEBUG - Importing BufrStubImagePlugin
2024-11-09 23:52:36,145 - DEBUG - Importing CurImagePlugin
2024-11-09 23:52:36,145 - DEBUG - Importing DcxImagePlugin
2024-11-09 23:52:36,146 - DEBUG - Importing DdsImagePlugin
2024-11-09 23:52:36,148 - DEBUG - Importing EpsImagePlugin
2024-11-09 23:52:36,149 - DEBUG - Importing FitsImagePlugin
2024-11-09 23:52:36,150 - DEBUG - Importing FliImagePlugin
2024-11-09 23:52:36,150 - DEBUG - Importing FpxImagePlugin
2024-11-09 23:52:36,151 - DEBUG - Image: failed to import FpxImagePlugin: No module named 'olefile'
2024-11-09 23:52:36,151 - DEBUG - Importing FtexImagePlugin
2024-11-09 23:52:36,152 - DEBUG - Importing GbrImagePlugin
2024-11-09 23:52:36,152 - DEBUG - Importing GifImagePlugin
2024-11-09 23:52:36,152 - DEBUG - Importing GribStubImagePlugin
2024-11-09 23:52:36,153 - DEBUG - Importing Hdf5StubImagePlugin
2024-11-09 23:52:36,153 - DEBUG - Importing IcnsImagePlugin
2024-11-09 23:52:36,155 - DEBUG - Importing IcoImagePlugin
2024-11-09 23:52:36,156 - DEBUG - Importing ImImagePlugin
2024-11-09 23:52:36,156 - DEBUG - Importing ImtImagePlugin
2024-11-09 23:52:36,157 - DEBUG - Importing IptcImagePlugin
2024-11-09 23:52:36,157 - DEBUG - Importing JpegImagePlugin
2024-11-09 23:52:36,157 - DEBUG - Importing Jpeg2KImagePlugin
2024-11-09 23:52:36,157 - DEBUG - Importing McIdasImagePlugin
2024-11-09 23:52:36,158 - DEBUG - Importing MicImagePlugin
2024-11-09 23:52:36,158 - DEBUG - Image: failed to import MicImagePlugin: No module named 'olefile'
2024-11-09 23:52:36,158 - DEBUG - Importing MpegImagePlugin
2024-11-09 23:52:36,159 - DEBUG - Importing MpoImagePlugin
2024-11-09 23:52:36,163 - DEBUG - Importing MspImagePlugin
2024-11-09 23:52:36,164 - DEBUG - Importing PalmImagePlugin
2024-11-09 23:52:36,165 - DEBUG - Importing PcdImagePlugin
2024-11-09 23:52:36,165 - DEBUG - Importing PcxImagePlugin
2024-11-09 23:52:36,165 - DEBUG - Importing PdfImagePlugin
2024-11-09 23:52:36,170 - DEBUG - Importing PixarImagePlugin
2024-11-09 23:52:36,170 - DEBUG - Importing PngImagePlugin
2024-11-09 23:52:36,170 - DEBUG - Importing PpmImagePlugin
2024-11-09 23:52:36,170 - DEBUG - Importing PsdImagePlugin
2024-11-09 23:52:36,171 - DEBUG - Importing QoiImagePlugin
2024-11-09 23:52:36,171 - DEBUG - Importing SgiImagePlugin
2024-11-09 23:52:36,172 - DEBUG - Importing SpiderImagePlugin
2024-11-09 23:52:36,172 - DEBUG - Importing SunImagePlugin
2024-11-09 23:52:36,173 - DEBUG - Importing TgaImagePlugin
2024-11-09 23:52:36,173 - DEBUG - Importing TiffImagePlugin
2024-11-09 23:52:36,173 - DEBUG - Importing WebPImagePlugin
2024-11-09 23:52:36,174 - DEBUG - Importing WmfImagePlugin
2024-11-09 23:52:36,175 - DEBUG - Importing XbmImagePlugin
2024-11-09 23:52:36,176 - DEBUG - Importing XpmImagePlugin
2024-11-09 23:52:36,176 - DEBUG - Importing XVThumbImagePlugin
2024-11-09 23:52:47,015 - ERROR - Error destroying window: main thread is not in main loop
2024-11-09 23:53:26,650 - INFO - Queue cleared for AnyDesk v4 Printer Driver.
2024-11-09 23:53:41,666 - INFO - Queue cleared for AnyDesk v4 Printer Driver.
2024-11-09 23:53:54,983 - DEBUG - Importing BlpImagePlugin
2024-11-09 23:53:54,984 - DEBUG - Importing BmpImagePlugin
2024-11-09 23:53:54,984 - DEBUG - Importing BufrStubImagePlugin
2024-11-09 23:53:54,984 - DEBUG - Importing CurImagePlugin
2024-11-09 23:53:54,985 - DEBUG - Importing DcxImagePlugin
2024-11-09 23:53:54,986 - DEBUG - Importing DdsImagePlugin
2024-11-09 23:53:54,988 - DEBUG - Importing EpsImagePlugin
2024-11-09 23:53:54,989 - DEBUG - Importing FitsImagePlugin
2024-11-09 23:53:54,990 - DEBUG - Importing FliImagePlugin
2024-11-09 23:53:54,990 - DEBUG - Importing FpxImagePlugin
2024-11-09 23:53:54,991 - DEBUG - Image: failed to import FpxImagePlugin: No module named 'olefile'
2024-11-09 23:53:54,991 - DEBUG - Importing FtexImagePlugin
2024-11-09 23:53:54,992 - DEBUG - Importing GbrImagePlugin
2024-11-09 23:53:54,992 - DEBUG - Importing GifImagePlugin
2024-11-09 23:53:54,992 - DEBUG - Importing GribStubImagePlugin
2024-11-09 23:53:54,993 - DEBUG - Importing Hdf5StubImagePlugin
2024-11-09 23:53:54,993 - DEBUG - Importing IcnsImagePlugin
2024-11-09 23:53:54,995 - DEBUG - Importing IcoImagePlugin
2024-11-09 23:53:54,995 - DEBUG - Importing ImImagePlugin
2024-11-09 23:53:54,996 - DEBUG - Importing ImtImagePlugin
2024-11-09 23:53:54,996 - DEBUG - Importing IptcImagePlugin
2024-11-09 23:53:54,997 - DEBUG - Importing JpegImagePlugin
2024-11-09 23:53:54,997 - DEBUG - Importing Jpeg2KImagePlugin
2024-11-09 23:53:54,997 - DEBUG - Importing McIdasImagePlugin
2024-11-09 23:53:54,998 - DEBUG - Importing MicImagePlugin
2024-11-09 23:53:54,999 - DEBUG - Image: failed to import MicImagePlugin: No module named 'olefile'
2024-11-09 23:53:54,999 - DEBUG - Importing MpegImagePlugin
2024-11-09 23:53:54,999 - DEBUG - Importing MpoImagePlugin
2024-11-09 23:53:55,004 - DEBUG - Importing MspImagePlugin
2024-11-09 23:53:55,004 - DEBUG - Importing PalmImagePlugin
2024-11-09 23:53:55,005 - DEBUG - Importing PcdImagePlugin
2024-11-09 23:53:55,005 - DEBUG - Importing PcxImagePlugin
2024-11-09 23:53:55,005 - DEBUG - Importing PdfImagePlugin
2024-11-09 23:53:55,010 - DEBUG - Importing PixarImagePlugin
2024-11-09 23:53:55,010 - DEBUG - Importing PngImagePlugin
2024-11-09 23:53:55,010 - DEBUG - Importing PpmImagePlugin
2024-11-09 23:53:55,010 - DEBUG - Importing PsdImagePlugin
2024-11-09 23:53:55,011 - DEBUG - Importing QoiImagePlugin
2024-11-09 23:53:55,011 - DEBUG - Importing SgiImagePlugin
2024-11-09 23:53:55,012 - DEBUG - Importing SpiderImagePlugin
2024-11-09 23:53:55,012 - DEBUG - Importing SunImagePlugin
2024-11-09 23:53:55,013 - DEBUG - Importing TgaImagePlugin
2024-11-09 23:53:55,013 - DEBUG - Importing TiffImagePlugin
2024-11-09 23:53:55,013 - DEBUG - Importing WebPImagePlugin
2024-11-09 23:53:55,014 - DEBUG - Importing WmfImagePlugin
2024-11-09 23:53:55,015 - DEBUG - Importing XbmImagePlugin
2024-11-09 23:53:55,015 - DEBUG - Importing XpmImagePlugin
2024-11-09 23:53:55,016 - DEBUG - Importing XVThumbImagePlugin
2024-11-09 23:53:56,689 - INFO - Queue cleared for AnyDesk v4 Printer Driver.
2024-11-09 23:54:11,696 - INFO - Queue cleared for AnyDesk v4 Printer Driver.
2024-11-09 23:54:21,469 - ERROR - Error destroying window: main thread is not in main loop
2024-11-10 00:01:41,443 - DEBUG - Importing BlpImagePlugin
2024-11-10 00:01:41,443 - DEBUG - Importing BmpImagePlugin
2024-11-10 00:01:41,443 - DEBUG - Importing BufrStubImagePlugin
2024-11-10 00:01:41,444 - DEBUG - Importing CurImagePlugin
2024-11-10 00:01:41,444 - DEBUG - Importing DcxImagePlugin
2024-11-10 00:01:41,445 - DEBUG - Importing DdsImagePlugin
2024-11-10 00:01:41,447 - DEBUG - Importing EpsImagePlugin
2024-11-10 00:01:41,447 - DEBUG - Importing FitsImagePlugin
2024-11-10 00:01:41,448 - DEBUG - Importing FliImagePlugin
2024-11-10 00:01:41,449 - DEBUG - Importing FpxImagePlugin
2024-11-10 00:01:41,450 - DEBUG - Image: failed to import FpxImagePlugin: No module named 'olefile'
2024-11-10 00:01:41,450 - DEBUG - Importing FtexImagePlugin
2024-11-10 00:01:41,450 - DEBUG - Importing GbrImagePlugin
2024-11-10 00:01:41,451 - DEBUG - Importing GifImagePlugin
2024-11-10 00:01:41,451 - DEBUG - Importing GribStubImagePlugin
2024-11-10 00:01:41,451 - DEBUG - Importing Hdf5StubImagePlugin
2024-11-10 00:01:41,451 - DEBUG - Importing IcnsImagePlugin
2024-11-10 00:01:41,452 - DEBUG - Importing IcoImagePlugin
2024-11-10 00:01:41,453 - DEBUG - Importing ImImagePlugin
2024-11-10 00:01:41,454 - DEBUG - Importing ImtImagePlugin
2024-11-10 00:01:41,454 - DEBUG - Importing IptcImagePlugin
2024-11-10 00:01:41,454 - DEBUG - Importing JpegImagePlugin
2024-11-10 00:01:41,454 - DEBUG - Importing Jpeg2KImagePlugin
2024-11-10 00:01:41,455 - DEBUG - Importing McIdasImagePlugin
2024-11-10 00:01:41,455 - DEBUG - Importing MicImagePlugin
2024-11-10 00:01:41,456 - DEBUG - Image: failed to import MicImagePlugin: No module named 'olefile'
2024-11-10 00:01:41,456 - DEBUG - Importing MpegImagePlugin
2024-11-10 00:01:41,456 - DEBUG - Importing MpoImagePlugin
2024-11-10 00:01:41,460 - DEBUG - Importing MspImagePlugin
2024-11-10 00:01:41,461 - DEBUG - Importing PalmImagePlugin
2024-11-10 00:01:41,461 - DEBUG - Importing PcdImagePlugin
2024-11-10 00:01:41,462 - DEBUG - Importing PcxImagePlugin
2024-11-10 00:01:41,462 - DEBUG - Importing PdfImagePlugin
2024-11-10 00:01:41,466 - DEBUG - Importing PixarImagePlugin
2024-11-10 00:01:41,466 - DEBUG - Importing PngImagePlugin
2024-11-10 00:01:41,466 - DEBUG - Importing PpmImagePlugin
2024-11-10 00:01:41,466 - DEBUG - Importing PsdImagePlugin
2024-11-10 00:01:41,467 - DEBUG - Importing QoiImagePlugin
2024-11-10 00:01:41,467 - DEBUG - Importing SgiImagePlugin
2024-11-10 00:01:41,467 - DEBUG - Importing SpiderImagePlugin
2024-11-10 00:01:41,467 - DEBUG - Importing SunImagePlugin
2024-11-10 00:01:41,468 - DEBUG - Importing TgaImagePlugin
2024-11-10 00:01:41,469 - DEBUG - Importing TiffImagePlugin
2024-11-10 00:01:41,469 - DEBUG - Importing WebPImagePlugin
2024-11-10 00:01:41,470 - DEBUG - Importing WmfImagePlugin
2024-11-10 00:01:41,470 - DEBUG - Importing XbmImagePlugin
2024-11-10 00:01:41,471 - DEBUG - Importing XpmImagePlugin
2024-11-10 00:01:41,471 - DEBUG - Importing XVThumbImagePlugin
2024-11-10 00:01:47,955 - ERROR - Error destroying window: main thread is not in main loop
2024-11-10 00:02:37,698 - DEBUG - Importing BlpImagePlugin
2024-11-10 00:02:37,699 - DEBUG - Importing BmpImagePlugin
2024-11-10 00:02:37,699 - DEBUG - Importing BufrStubImagePlugin
2024-11-10 00:02:37,699 - DEBUG - Importing CurImagePlugin
2024-11-10 00:02:37,700 - DEBUG - Importing DcxImagePlugin
2024-11-10 00:02:37,700 - DEBUG - Importing DdsImagePlugin
2024-11-10 00:02:37,702 - DEBUG - Importing EpsImagePlugin
2024-11-10 00:02:37,703 - DEBUG - Importing FitsImagePlugin
2024-11-10 00:02:37,704 - DEBUG - Importing FliImagePlugin
2024-11-10 00:02:37,704 - DEBUG - Importing FpxImagePlugin
2024-11-10 00:02:37,705 - DEBUG - Image: failed to import FpxImagePlugin: No module named 'olefile'
2024-11-10 00:02:37,705 - DEBUG - Importing FtexImagePlugin
2024-11-10 00:02:37,706 - DEBUG - Importing GbrImagePlugin
2024-11-10 00:02:37,706 - DEBUG - Importing GifImagePlugin
2024-11-10 00:02:37,706 - DEBUG - Importing GribStubImagePlugin
2024-11-10 00:02:37,707 - DEBUG - Importing Hdf5StubImagePlugin
2024-11-10 00:02:37,707 - DEBUG - Importing IcnsImagePlugin
2024-11-10 00:02:37,708 - DEBUG - Importing IcoImagePlugin
2024-11-10 00:02:37,709 - DEBUG - Importing ImImagePlugin
2024-11-10 00:02:37,709 - DEBUG - Importing ImtImagePlugin
2024-11-10 00:02:37,710 - DEBUG - Importing IptcImagePlugin
2024-11-10 00:02:37,710 - DEBUG - Importing JpegImagePlugin
2024-11-10 00:02:37,710 - DEBUG - Importing Jpeg2KImagePlugin
2024-11-10 00:02:37,710 - DEBUG - Importing McIdasImagePlugin
2024-11-10 00:02:37,711 - DEBUG - Importing MicImagePlugin
2024-11-10 00:02:37,712 - DEBUG - Image: failed to import MicImagePlugin: No module named 'olefile'
2024-11-10 00:02:37,712 - DEBUG - Importing MpegImagePlugin
2024-11-10 00:02:37,712 - DEBUG - Importing MpoImagePlugin
2024-11-10 00:02:37,716 - DEBUG - Importing MspImagePlugin
2024-11-10 00:02:37,717 - DEBUG - Importing PalmImagePlugin
2024-11-10 00:02:37,717 - DEBUG - Importing PcdImagePlugin
2024-11-10 00:02:37,718 - DEBUG - Importing PcxImagePlugin
2024-11-10 00:02:37,718 - DEBUG - Importing PdfImagePlugin
2024-11-10 00:02:37,722 - DEBUG - Importing PixarImagePlugin
2024-11-10 00:02:37,723 - DEBUG - Importing PngImagePlugin
2024-11-10 00:02:37,723 - DEBUG - Importing PpmImagePlugin
2024-11-10 00:02:37,723 - DEBUG - Importing PsdImagePlugin
2024-11-10 00:02:37,723 - DEBUG - Importing QoiImagePlugin
2024-11-10 00:02:37,724 - DEBUG - Importing SgiImagePlugin
2024-11-10 00:02:37,724 - DEBUG - Importing SpiderImagePlugin
2024-11-10 00:02:37,724 - DEBUG - Importing SunImagePlugin
2024-11-10 00:02:37,725 - DEBUG - Importing TgaImagePlugin
2024-11-10 00:02:37,725 - DEBUG - Importing TiffImagePlugin
2024-11-10 00:02:37,725 - DEBUG - Importing WebPImagePlugin
2024-11-10 00:02:37,726 - DEBUG - Importing WmfImagePlugin
2024-11-10 00:02:37,726 - DEBUG - Importing XbmImagePlugin
2024-11-10 00:02:37,727 - DEBUG - Importing XpmImagePlugin
2024-11-10 00:02:37,727 - DEBUG - Importing XVThumbImagePlugin
2024-11-10 00:02:42,819 - ERROR - Error destroying window: main thread is not in main loop
2024-11-10 00:03:54,917 - DEBUG - Importing BlpImagePlugin
2024-11-10 00:03:54,918 - DEBUG - Importing BmpImagePlugin
2024-11-10 00:03:54,918 - DEBUG - Importing BufrStubImagePlugin
2024-11-10 00:03:54,919 - DEBUG - Importing CurImagePlugin
2024-11-10 00:03:54,919 - DEBUG - Importing DcxImagePlugin
2024-11-10 00:03:54,920 - DEBUG - Importing DdsImagePlugin
2024-11-10 00:03:54,922 - DEBUG - Importing EpsImagePlugin
2024-11-10 00:03:54,922 - DEBUG - Importing FitsImagePlugin
2024-11-10 00:03:54,924 - DEBUG - Importing FliImagePlugin
2024-11-10 00:03:54,924 - DEBUG - Importing FpxImagePlugin
2024-11-10 00:03:54,925 - DEBUG - Image: failed to import FpxImagePlugin: No module named 'olefile'
2024-11-10 00:03:54,925 - DEBUG - Importing FtexImagePlugin
2024-11-10 00:03:54,925 - DEBUG - Importing GbrImagePlugin
2024-11-10 00:03:54,926 - DEBUG - Importing GifImagePlugin
2024-11-10 00:03:54,926 - DEBUG - Importing GribStubImagePlugin
2024-11-10 00:03:54,926 - DEBUG - Importing Hdf5StubImagePlugin
2024-11-10 00:03:54,926 - DEBUG - Importing IcnsImagePlugin
2024-11-10 00:03:54,928 - DEBUG - Importing IcoImagePlugin
2024-11-10 00:03:54,928 - DEBUG - Importing ImImagePlugin
2024-11-10 00:03:54,929 - DEBUG - Importing ImtImagePlugin
2024-11-10 00:03:54,929 - DEBUG - Importing IptcImagePlugin
2024-11-10 00:03:54,930 - DEBUG - Importing JpegImagePlugin
2024-11-10 00:03:54,930 - DEBUG - Importing Jpeg2KImagePlugin
2024-11-10 00:03:54,930 - DEBUG - Importing McIdasImagePlugin
2024-11-10 00:03:54,930 - DEBUG - Importing MicImagePlugin
2024-11-10 00:03:54,931 - DEBUG - Image: failed to import MicImagePlugin: No module named 'olefile'
2024-11-10 00:03:54,931 - DEBUG - Importing MpegImagePlugin
2024-11-10 00:03:54,931 - DEBUG - Importing MpoImagePlugin
2024-11-10 00:03:54,935 - DEBUG - Importing MspImagePlugin
2024-11-10 00:03:54,935 - DEBUG - Importing PalmImagePlugin
2024-11-10 00:03:54,937 - DEBUG - Importing PcdImagePlugin
2024-11-10 00:03:54,937 - DEBUG - Importing PcxImagePlugin
2024-11-10 00:03:54,937 - DEBUG - Importing PdfImagePlugin
2024-11-10 00:03:54,941 - DEBUG - Importing PixarImagePlugin
2024-11-10 00:03:54,942 - DEBUG - Importing PngImagePlugin
2024-11-10 00:03:54,942 - DEBUG - Importing PpmImagePlugin
2024-11-10 00:03:54,942 - DEBUG - Importing PsdImagePlugin
2024-11-10 00:03:54,942 - DEBUG - Importing QoiImagePlugin
2024-11-10 00:03:54,942 - DEBUG - Importing SgiImagePlugin
2024-11-10 00:03:54,943 - DEBUG - Importing SpiderImagePlugin
2024-11-10 00:03:54,943 - DEBUG - Importing SunImagePlugin
2024-11-10 00:03:54,944 - DEBUG - Importing TgaImagePlugin
2024-11-10 00:03:54,944 - DEBUG - Importing TiffImagePlugin
2024-11-10 00:03:54,944 - DEBUG - Importing WebPImagePlugin
2024-11-10 00:03:54,945 - DEBUG - Importing WmfImagePlugin
2024-11-10 00:03:54,945 - DEBUG - Importing XbmImagePlugin
2024-11-10 00:03:54,945 - DEBUG - Importing XpmImagePlugin
2024-11-10 00:03:54,946 - DEBUG - Importing XVThumbImagePlugin
2024-11-10 00:03:59,523 - ERROR - Error destroying window: main thread is not in main loop
2024-11-10 00:05:20,175 - INFO - Queue cleared for AnyDesk v4 Printer Driver.
2024-11-10 00:05:21,834 - DEBUG - Importing BlpImagePlugin
2024-11-10 00:05:21,835 - DEBUG - Importing BmpImagePlugin
2024-11-10 00:05:21,835 - DEBUG - Importing BufrStubImagePlugin
2024-11-10 00:05:21,835 - DEBUG - Importing CurImagePlugin
2024-11-10 00:05:21,836 - DEBUG - Importing DcxImagePlugin
2024-11-10 00:05:21,836 - DEBUG - Importing DdsImagePlugin
2024-11-10 00:05:21,838 - DEBUG - Importing EpsImagePlugin
2024-11-10 00:05:21,839 - DEBUG - Importing FitsImagePlugin
2024-11-10 00:05:21,840 - DEBUG - Importing FliImagePlugin
2024-11-10 00:05:21,840 - DEBUG - Importing FpxImagePlugin
2024-11-10 00:05:21,841 - DEBUG - Image: failed to import FpxImagePlugin: No module named 'olefile'
2024-11-10 00:05:21,841 - DEBUG - Importing FtexImagePlugin
2024-11-10 00:05:21,842 - DEBUG - Importing GbrImagePlugin
2024-11-10 00:05:21,842 - DEBUG - Importing GifImagePlugin
2024-11-10 00:05:21,842 - DEBUG - Importing GribStubImagePlugin
2024-11-10 00:05:21,842 - DEBUG - Importing Hdf5StubImagePlugin
2024-11-10 00:05:21,843 - DEBUG - Importing IcnsImagePlugin
2024-11-10 00:05:21,843 - DEBUG - Importing IcoImagePlugin
2024-11-10 00:05:21,844 - DEBUG - Importing ImImagePlugin
2024-11-10 00:05:21,845 - DEBUG - Importing ImtImagePlugin
2024-11-10 00:05:21,845 - DEBUG - Importing IptcImagePlugin
2024-11-10 00:05:21,846 - DEBUG - Importing JpegImagePlugin
2024-11-10 00:05:21,846 - DEBUG - Importing Jpeg2KImagePlugin
2024-11-10 00:05:21,846 - DEBUG - Importing McIdasImagePlugin
2024-11-10 00:05:21,846 - DEBUG - Importing MicImagePlugin
2024-11-10 00:05:21,847 - DEBUG - Image: failed to import MicImagePlugin: No module named 'olefile'
2024-11-10 00:05:21,847 - DEBUG - Importing MpegImagePlugin
2024-11-10 00:05:21,847 - DEBUG - Importing MpoImagePlugin
2024-11-10 00:05:21,852 - DEBUG - Importing MspImagePlugin
2024-11-10 00:05:21,852 - DEBUG - Importing PalmImagePlugin
2024-11-10 00:05:21,853 - DEBUG - Importing PcdImagePlugin
2024-11-10 00:05:21,853 - DEBUG - Importing PcxImagePlugin
2024-11-10 00:05:21,853 - DEBUG - Importing PdfImagePlugin
2024-11-10 00:05:21,857 - DEBUG - Importing PixarImagePlugin
2024-11-10 00:05:21,857 - DEBUG - Importing PngImagePlugin
2024-11-10 00:05:21,857 - DEBUG - Importing PpmImagePlugin
2024-11-10 00:05:21,857 - DEBUG - Importing PsdImagePlugin
2024-11-10 00:05:21,858 - DEBUG - Importing QoiImagePlugin
2024-11-10 00:05:21,859 - DEBUG - Importing SgiImagePlugin
2024-11-10 00:05:21,859 - DEBUG - Importing SpiderImagePlugin
2024-11-10 00:05:21,859 - DEBUG - Importing SunImagePlugin
2024-11-10 00:05:21,860 - DEBUG - Importing TgaImagePlugin
2024-11-10 00:05:21,860 - DEBUG - Importing TiffImagePlugin
2024-11-10 00:05:21,860 - DEBUG - Importing WebPImagePlugin
2024-11-10 00:05:21,861 - DEBUG - Importing WmfImagePlugin
2024-11-10 00:05:21,861 - DEBUG - Importing XbmImagePlugin
2024-11-10 00:05:21,862 - DEBUG - Importing XpmImagePlugin
2024-11-10 00:05:21,862 - DEBUG - Importing XVThumbImagePlugin
2024-11-10 00:05:35,180 - INFO - Queue cleared for AnyDesk v4 Printer Driver.
2024-11-10 00:05:50,192 - INFO - Queue cleared for AnyDesk v4 Printer Driver.
2024-11-10 00:06:05,199 - INFO - Queue cleared for AnyDesk v4 Printer Driver.
2024-11-10 00:06:20,212 - INFO - Queue cleared for AnyDesk v4 Printer Driver.
2024-11-10 00:06:24,631 - ERROR - Error destroying window: main thread is not in main loop
2024-11-10 00:16:52,909 - INFO - Queue cleared for AnyDesk v4 Printer Driver.
2024-11-10 00:16:56,908 - DEBUG - Importing BlpImagePlugin
2024-11-10 00:16:56,909 - DEBUG - Importing BmpImagePlugin
2024-11-10 00:16:56,909 - DEBUG - Importing BufrStubImagePlugin
2024-11-10 00:16:56,910 - DEBUG - Importing CurImagePlugin
2024-11-10 00:16:56,910 - DEBUG - Importing DcxImagePlugin
2024-11-10 00:16:56,911 - DEBUG - Importing DdsImagePlugin
2024-11-10 00:16:56,914 - DEBUG - Importing EpsImagePlugin
2024-11-10 00:16:56,914 - DEBUG - Importing FitsImagePlugin
2024-11-10 00:16:56,915 - DEBUG - Importing FliImagePlugin
2024-11-10 00:16:56,916 - DEBUG - Importing FpxImagePlugin
2024-11-10 00:16:56,916 - DEBUG - Image: failed to import FpxImagePlugin: No module named 'olefile'
2024-11-10 00:16:56,916 - DEBUG - Importing FtexImagePlugin
2024-11-10 00:16:56,917 - DEBUG - Importing GbrImagePlugin
2024-11-10 00:16:56,917 - DEBUG - Importing GifImagePlugin
2024-11-10 00:16:56,917 - DEBUG - Importing GribStubImagePlugin
2024-11-10 00:16:56,918 - DEBUG - Importing Hdf5StubImagePlugin
2024-11-10 00:16:56,918 - DEBUG - Importing IcnsImagePlugin
2024-11-10 00:16:56,919 - DEBUG - Importing IcoImagePlugin
2024-11-10 00:16:56,920 - DEBUG - Importing ImImagePlugin
2024-11-10 00:16:56,921 - DEBUG - Importing ImtImagePlugin
2024-11-10 00:16:56,921 - DEBUG - Importing IptcImagePlugin
2024-11-10 00:16:56,921 - DEBUG - Importing JpegImagePlugin
2024-11-10 00:16:56,921 - DEBUG - Importing Jpeg2KImagePlugin
2024-11-10 00:16:56,921 - DEBUG - Importing McIdasImagePlugin
2024-11-10 00:16:56,922 - DEBUG - Importing MicImagePlugin
2024-11-10 00:16:56,923 - DEBUG - Image: failed to import MicImagePlugin: No module named 'olefile'
2024-11-10 00:16:56,923 - DEBUG - Importing MpegImagePlugin
2024-11-10 00:16:56,923 - DEBUG - Importing MpoImagePlugin
2024-11-10 00:16:56,927 - DEBUG - Importing MspImagePlugin
2024-11-10 00:16:56,928 - DEBUG - Importing PalmImagePlugin
2024-11-10 00:16:56,928 - DEBUG - Importing PcdImagePlugin
2024-11-10 00:16:56,929 - DEBUG - Importing PcxImagePlugin
2024-11-10 00:16:56,929 - DEBUG - Importing PdfImagePlugin
2024-11-10 00:16:56,933 - DEBUG - Importing PixarImagePlugin
2024-11-10 00:16:56,934 - DEBUG - Importing PngImagePlugin
2024-11-10 00:16:56,934 - DEBUG - Importing PpmImagePlugin
2024-11-10 00:16:56,934 - DEBUG - Importing PsdImagePlugin
2024-11-10 00:16:56,934 - DEBUG - Importing QoiImagePlugin
2024-11-10 00:16:56,934 - DEBUG - Importing SgiImagePlugin
2024-11-10 00:16:56,935 - DEBUG - Importing SpiderImagePlugin
2024-11-10 00:16:56,935 - DEBUG - Importing SunImagePlugin
2024-11-10 00:16:56,936 - DEBUG - Importing TgaImagePlugin
2024-11-10 00:16:56,936 - DEBUG - Importing TiffImagePlugin
2024-11-10 00:16:56,936 - DEBUG - Importing WebPImagePlugin
2024-11-10 00:16:56,937 - DEBUG - Importing WmfImagePlugin
2024-11-10 00:16:56,937 - DEBUG - Importing XbmImagePlugin
2024-11-10 00:16:56,938 - DEBUG - Importing XpmImagePlugin
2024-11-10 00:16:56,939 - DEBUG - Importing XVThumbImagePlugin
2024-11-10 00:17:08,180 - ERROR - Error destroying window: main thread is not in main loop
2024-11-10 00:17:56,406 - INFO - Queue cleared for AnyDesk v4 Printer Driver.
2024-11-10 00:18:02,987 - DEBUG - Importing BlpImagePlugin
2024-11-10 00:18:02,988 - DEBUG - Importing BmpImagePlugin
2024-11-10 00:18:02,988 - DEBUG - Importing BufrStubImagePlugin
2024-11-10 00:18:02,988 - DEBUG - Importing CurImagePlugin
2024-11-10 00:18:02,989 - DEBUG - Importing DcxImagePlugin
2024-11-10 00:18:02,989 - DEBUG - Importing DdsImagePlugin
2024-11-10 00:18:02,992 - DEBUG - Importing EpsImagePlugin
2024-11-10 00:18:02,993 - DEBUG - Importing FitsImagePlugin
2024-11-10 00:18:02,994 - DEBUG - Importing FliImagePlugin
2024-11-10 00:18:02,994 - DEBUG - Importing FpxImagePlugin
2024-11-10 00:18:02,996 - DEBUG - Image: failed to import FpxImagePlugin: No module named 'olefile'
2024-11-10 00:18:02,996 - DEBUG - Importing FtexImagePlugin
2024-11-10 00:18:02,996 - DEBUG - Importing GbrImagePlugin
2024-11-10 00:18:02,996 - DEBUG - Importing GifImagePlugin
2024-11-10 00:18:02,996 - DEBUG - Importing GribStubImagePlugin
2024-11-10 00:18:02,997 - DEBUG - Importing Hdf5StubImagePlugin
2024-11-10 00:18:02,997 - DEBUG - Importing IcnsImagePlugin
2024-11-10 00:18:02,998 - DEBUG - Importing IcoImagePlugin
2024-11-10 00:18:02,999 - DEBUG - Importing ImImagePlugin
2024-11-10 00:18:03,000 - DEBUG - Importing ImtImagePlugin
2024-11-10 00:18:03,000 - DEBUG - Importing IptcImagePlugin
2024-11-10 00:18:03,001 - DEBUG - Importing JpegImagePlugin
2024-11-10 00:18:03,001 - DEBUG - Importing Jpeg2KImagePlugin
2024-11-10 00:18:03,001 - DEBUG - Importing McIdasImagePlugin
2024-11-10 00:18:03,001 - DEBUG - Importing MicImagePlugin
2024-11-10 00:18:03,002 - DEBUG - Image: failed to import MicImagePlugin: No module named 'olefile'
2024-11-10 00:18:03,002 - DEBUG - Importing MpegImagePlugin
2024-11-10 00:18:03,002 - DEBUG - Importing MpoImagePlugin
2024-11-10 00:18:03,007 - DEBUG - Importing MspImagePlugin
2024-11-10 00:18:03,007 - DEBUG - Importing PalmImagePlugin
2024-11-10 00:18:03,008 - DEBUG - Importing PcdImagePlugin
2024-11-10 00:18:03,008 - DEBUG - Importing PcxImagePlugin
2024-11-10 00:18:03,008 - DEBUG - Importing PdfImagePlugin
2024-11-10 00:18:03,013 - DEBUG - Importing PixarImagePlugin
2024-11-10 00:18:03,013 - DEBUG - Importing PngImagePlugin
2024-11-10 00:18:03,013 - DEBUG - Importing PpmImagePlugin
2024-11-10 00:18:03,013 - DEBUG - Importing PsdImagePlugin
2024-11-10 00:18:03,013 - DEBUG - Importing QoiImagePlugin
2024-11-10 00:18:03,014 - DEBUG - Importing SgiImagePlugin
2024-11-10 00:18:03,014 - DEBUG - Importing SpiderImagePlugin
2024-11-10 00:18:03,014 - DEBUG - Importing SunImagePlugin
2024-11-10 00:18:03,015 - DEBUG - Importing TgaImagePlugin
2024-11-10 00:18:03,016 - DEBUG - Importing TiffImagePlugin
2024-11-10 00:18:03,016 - DEBUG - Importing WebPImagePlugin
2024-11-10 00:18:03,016 - DEBUG - Importing WmfImagePlugin
2024-11-10 00:18:03,017 - DEBUG - Importing XbmImagePlugin
2024-11-10 00:18:03,018 - DEBUG - Importing XpmImagePlugin
2024-11-10 00:18:03,018 - DEBUG - Importing XVThumbImagePlugin
2024-11-10 00:18:08,742 - ERROR - Error destroying window: main thread is not in main loop
2024-11-10 00:19:26,679 - INFO - Loaded saved printer: AnyDesk v4 Printer Driver
2024-11-10 00:19:26,679 - INFO - Queue cleared for AnyDesk v4 Printer Driver.
2024-11-10 00:19:35,065 - DEBUG - Importing BlpImagePlugin
2024-11-10 00:19:35,065 - DEBUG - Importing BmpImagePlugin
2024-11-10 00:19:35,065 - DEBUG - Importing BufrStubImagePlugin
2024-11-10 00:19:35,066 - DEBUG - Importing CurImagePlugin
2024-11-10 00:19:35,066 - DEBUG - Importing DcxImagePlugin
2024-11-10 00:19:35,067 - DEBUG - Importing DdsImagePlugin
2024-11-10 00:19:35,070 - DEBUG - Importing EpsImagePlugin
2024-11-10 00:19:35,070 - DEBUG - Importing FitsImagePlugin
2024-11-10 00:19:35,071 - DEBUG - Importing FliImagePlugin
2024-11-10 00:19:35,072 - DEBUG - Importing FpxImagePlugin
2024-11-10 00:19:35,072 - DEBUG - Image: failed to import FpxImagePlugin: No module named 'olefile'
2024-11-10 00:19:35,072 - DEBUG - Importing FtexImagePlugin
2024-11-10 00:19:35,073 - DEBUG - Importing GbrImagePlugin
2024-11-10 00:19:35,073 - DEBUG - Importing GifImagePlugin
2024-11-10 00:19:35,073 - DEBUG - Importing GribStubImagePlugin
2024-11-10 00:19:35,074 - DEBUG - Importing Hdf5StubImagePlugin
2024-11-10 00:19:35,074 - DEBUG - Importing IcnsImagePlugin
2024-11-10 00:19:35,075 - DEBUG - Importing IcoImagePlugin
2024-11-10 00:19:35,075 - DEBUG - Importing ImImagePlugin
2024-11-10 00:19:35,076 - DEBUG - Importing ImtImagePlugin
2024-11-10 00:19:35,077 - DEBUG - Importing IptcImagePlugin
2024-11-10 00:19:35,077 - DEBUG - Importing JpegImagePlugin
2024-11-10 00:19:35,077 - DEBUG - Importing Jpeg2KImagePlugin
2024-11-10 00:19:35,077 - DEBUG - Importing McIdasImagePlugin
2024-11-10 00:19:35,078 - DEBUG - Importing MicImagePlugin
2024-11-10 00:19:35,078 - DEBUG - Image: failed to import MicImagePlugin: No module named 'olefile'
2024-11-10 00:19:35,078 - DEBUG - Importing MpegImagePlugin
2024-11-10 00:19:35,079 - DEBUG - Importing MpoImagePlugin
2024-11-10 00:19:35,083 - DEBUG - Importing MspImagePlugin
2024-11-10 00:19:35,083 - DEBUG - Importing PalmImagePlugin
2024-11-10 00:19:35,084 - DEBUG - Importing PcdImagePlugin
2024-11-10 00:19:35,084 - DEBUG - Importing PcxImagePlugin
2024-11-10 00:19:35,084 - DEBUG - Importing PdfImagePlugin
2024-11-10 00:19:35,089 - DEBUG - Importing PixarImagePlugin
2024-11-10 00:19:35,089 - DEBUG - Importing PngImagePlugin
2024-11-10 00:19:35,089 - DEBUG - Importing PpmImagePlugin
2024-11-10 00:19:35,089 - DEBUG - Importing PsdImagePlugin
2024-11-10 00:19:35,090 - DEBUG - Importing QoiImagePlugin
2024-11-10 00:19:35,090 - DEBUG - Importing SgiImagePlugin
2024-11-10 00:19:35,090 - DEBUG - Importing SpiderImagePlugin
2024-11-10 00:19:35,091 - DEBUG - Importing SunImagePlugin
2024-11-10 00:19:35,091 - DEBUG - Importing TgaImagePlugin
2024-11-10 00:19:35,091 - DEBUG - Importing TiffImagePlugin
2024-11-10 00:19:35,092 - DEBUG - Importing WebPImagePlugin
2024-11-10 00:19:35,092 - DEBUG - Importing WmfImagePlugin
2024-11-10 00:19:35,093 - DEBUG - Importing XbmImagePlugin
2024-11-10 00:19:35,093 - DEBUG - Importing XpmImagePlugin
2024-11-10 00:19:35,094 - DEBUG - Importing XVThumbImagePlugin
2024-11-10 00:19:40,951 - ERROR - Error destroying window: main thread is not in main loop
2024-11-10 00:23:07,033 - INFO - Loaded saved printer: AnyDesk v4 Printer Driver
2024-11-10 00:23:07,048 - INFO - Queue cleared for AnyDesk v4 Printer Driver.
2024-11-10 00:23:12,597 - DEBUG - Importing BlpImagePlugin
2024-11-10 00:23:12,598 - DEBUG - Importing BmpImagePlugin
2024-11-10 00:23:12,598 - DEBUG - Importing BufrStubImagePlugin
2024-11-10 00:23:12,599 - DEBUG - Importing CurImagePlugin
2024-11-10 00:23:12,599 - DEBUG - Importing DcxImagePlugin
2024-11-10 00:23:12,600 - DEBUG - Importing DdsImagePlugin
2024-11-10 00:23:12,602 - DEBUG - Importing EpsImagePlugin
2024-11-10 00:23:12,602 - DEBUG - Importing FitsImagePlugin
2024-11-10 00:23:12,603 - DEBUG - Importing FliImagePlugin
2024-11-10 00:23:12,603 - DEBUG - Importing FpxImagePlugin
2024-11-10 00:23:12,604 - DEBUG - Image: failed to import FpxImagePlugin: No module named 'olefile'
2024-11-10 00:23:12,604 - DEBUG - Importing FtexImagePlugin
2024-11-10 00:23:12,604 - DEBUG - Importing GbrImagePlugin
2024-11-10 00:23:12,605 - DEBUG - Importing GifImagePlugin
2024-11-10 00:23:12,605 - DEBUG - Importing GribStubImagePlugin
2024-11-10 00:23:12,605 - DEBUG - Importing Hdf5StubImagePlugin
2024-11-10 00:23:12,606 - DEBUG - Importing IcnsImagePlugin
2024-11-10 00:23:12,607 - DEBUG - Importing IcoImagePlugin
2024-11-10 00:23:12,608 - DEBUG - Importing ImImagePlugin
2024-11-10 00:23:12,608 - DEBUG - Importing ImtImagePlugin
2024-11-10 00:23:12,609 - DEBUG - Importing IptcImagePlugin
2024-11-10 00:23:12,609 - DEBUG - Importing JpegImagePlugin
2024-11-10 00:23:12,609 - DEBUG - Importing Jpeg2KImagePlugin
2024-11-10 00:23:12,609 - DEBUG - Importing McIdasImagePlugin
2024-11-10 00:23:12,609 - DEBUG - Importing MicImagePlugin
2024-11-10 00:23:12,610 - DEBUG - Image: failed to import MicImagePlugin: No module named 'olefile'
2024-11-10 00:23:12,610 - DEBUG - Importing MpegImagePlugin
2024-11-10 00:23:12,611 - DEBUG - Importing MpoImagePlugin
2024-11-10 00:23:12,614 - DEBUG - Importing MspImagePlugin
2024-11-10 00:23:12,615 - DEBUG - Importing PalmImagePlugin
2024-11-10 00:23:12,616 - DEBUG - Importing PcdImagePlugin
2024-11-10 00:23:12,616 - DEBUG - Importing PcxImagePlugin
2024-11-10 00:23:12,616 - DEBUG - Importing PdfImagePlugin
2024-11-10 00:23:12,620 - DEBUG - Importing PixarImagePlugin
2024-11-10 00:23:12,621 - DEBUG - Importing PngImagePlugin
2024-11-10 00:23:12,621 - DEBUG - Importing PpmImagePlugin
2024-11-10 00:23:12,621 - DEBUG - Importing PsdImagePlugin
2024-11-10 00:23:12,621 - DEBUG - Importing QoiImagePlugin
2024-11-10 00:23:12,622 - DEBUG - Importing SgiImagePlugin
2024-11-10 00:23:12,622 - DEBUG - Importing SpiderImagePlugin
2024-11-10 00:23:12,622 - DEBUG - Importing SunImagePlugin
2024-11-10 00:23:12,623 - DEBUG - Importing TgaImagePlugin
2024-11-10 00:23:12,623 - DEBUG - Importing TiffImagePlugin
2024-11-10 00:23:12,623 - DEBUG - Importing WebPImagePlugin
2024-11-10 00:23:12,624 - DEBUG - Importing WmfImagePlugin
2024-11-10 00:23:12,624 - DEBUG - Importing XbmImagePlugin
2024-11-10 00:23:12,625 - DEBUG - Importing XpmImagePlugin
2024-11-10 00:23:12,625 - DEBUG - Importing XVThumbImagePlugin
2024-11-10 00:23:22,055 - INFO - Queue cleared for AnyDesk v4 Printer Driver.
2024-11-10 00:23:37,069 - INFO - Queue cleared for AnyDesk v4 Printer Driver.
2024-11-10 00:23:52,081 - INFO - Queue cleared for AnyDesk v4 Printer Driver.
2024-11-10 00:24:07,084 - INFO - Queue cleared for AnyDesk v4 Printer Driver.
2024-11-10 00:24:22,085 - INFO - Queue cleared for AnyDesk v4 Printer Driver.
2024-11-10 00:24:37,094 - INFO - Queue cleared for AnyDesk v4 Printer Driver.
2024-11-10 00:24:52,101 - INFO - Queue cleared for AnyDesk v4 Printer Driver.
2024-11-10 00:25:07,103 - INFO - Queue cleared for AnyDesk v4 Printer Driver.
2024-11-10 00:25:22,118 - INFO - Queue cleared for AnyDesk v4 Printer Driver.
2024-11-10 00:25:37,130 - INFO - Queue cleared for AnyDesk v4 Printer Driver.
2024-11-10 00:25:52,134 - INFO - Queue cleared for AnyDesk v4 Printer Driver.
2024-11-10 00:26:07,138 - INFO - Queue cleared for AnyDesk v4 Printer Driver.
2024-11-10 00:26:22,144 - INFO - Queue cleared for AnyDesk v4 Printer Driver.
2024-11-10 00:26:37,156 - INFO - Queue cleared for AnyDesk v4 Printer Driver.
2024-11-10 00:26:52,169 - INFO - Queue cleared for AnyDesk v4 Printer Driver.
2024-11-10 00:27:01,785 - ERROR - Error destroying window: main thread is not in main loop
2024-11-10 00:27:04,621 - INFO - Loaded saved printer: AnyDesk v4 Printer Driver
2024-11-10 00:27:04,621 - INFO - Queue cleared for AnyDesk v4 Printer Driver.
2024-11-10 00:27:07,135 - DEBUG - Importing BlpImagePlugin
2024-11-10 00:27:07,135 - DEBUG - Importing BmpImagePlugin
2024-11-10 00:27:07,135 - DEBUG - Importing BufrStubImagePlugin
2024-11-10 00:27:07,136 - DEBUG - Importing CurImagePlugin
2024-11-10 00:27:07,136 - DEBUG - Importing DcxImagePlugin
2024-11-10 00:27:07,137 - DEBUG - Importing DdsImagePlugin
2024-11-10 00:27:07,140 - DEBUG - Importing EpsImagePlugin
2024-11-10 00:27:07,141 - DEBUG - Importing FitsImagePlugin
2024-11-10 00:27:07,142 - DEBUG - Importing FliImagePlugin
2024-11-10 00:27:07,142 - DEBUG - Importing FpxImagePlugin
2024-11-10 00:27:07,143 - DEBUG - Image: failed to import FpxImagePlugin: No module named 'olefile'
2024-11-10 00:27:07,143 - DEBUG - Importing FtexImagePlugin
2024-11-10 00:27:07,143 - DEBUG - Importing GbrImagePlugin
2024-11-10 00:27:07,144 - DEBUG - Importing GifImagePlugin
2024-11-10 00:27:07,144 - DEBUG - Importing GribStubImagePlugin
2024-11-10 00:27:07,144 - DEBUG - Importing Hdf5StubImagePlugin
2024-11-10 00:27:07,144 - DEBUG - Importing IcnsImagePlugin
2024-11-10 00:27:07,145 - DEBUG - Importing IcoImagePlugin
2024-11-10 00:27:07,146 - DEBUG - Importing ImImagePlugin
2024-11-10 00:27:07,147 - DEBUG - Importing ImtImagePlugin
2024-11-10 00:27:07,147 - DEBUG - Importing IptcImagePlugin
2024-11-10 00:27:07,147 - DEBUG - Importing JpegImagePlugin
2024-11-10 00:27:07,147 - DEBUG - Importing Jpeg2KImagePlugin
2024-11-10 00:27:07,147 - DEBUG - Importing McIdasImagePlugin
2024-11-10 00:27:07,148 - DEBUG - Importing MicImagePlugin
2024-11-10 00:27:07,149 - DEBUG - Image: failed to import MicImagePlugin: No module named 'olefile'
2024-11-10 00:27:07,149 - DEBUG - Importing MpegImagePlugin
2024-11-10 00:27:07,149 - DEBUG - Importing MpoImagePlugin
2024-11-10 00:27:07,153 - DEBUG - Importing MspImagePlugin
2024-11-10 00:27:07,154 - DEBUG - Importing PalmImagePlugin
2024-11-10 00:27:07,154 - DEBUG - Importing PcdImagePlugin
2024-11-10 00:27:07,155 - DEBUG - Importing PcxImagePlugin
2024-11-10 00:27:07,155 - DEBUG - Importing PdfImagePlugin
2024-11-10 00:27:07,159 - DEBUG - Importing PixarImagePlugin
2024-11-10 00:27:07,160 - DEBUG - Importing PngImagePlugin
2024-11-10 00:27:07,160 - DEBUG - Importing PpmImagePlugin
2024-11-10 00:27:07,160 - DEBUG - Importing PsdImagePlugin
2024-11-10 00:27:07,160 - DEBUG - Importing QoiImagePlugin
2024-11-10 00:27:07,161 - DEBUG - Importing SgiImagePlugin
2024-11-10 00:27:07,161 - DEBUG - Importing SpiderImagePlugin
2024-11-10 00:27:07,161 - DEBUG - Importing SunImagePlugin
2024-11-10 00:27:07,162 - DEBUG - Importing TgaImagePlugin
2024-11-10 00:27:07,162 - DEBUG - Importing TiffImagePlugin
2024-11-10 00:27:07,162 - DEBUG - Importing WebPImagePlugin
2024-11-10 00:27:07,163 - DEBUG - Importing WmfImagePlugin
2024-11-10 00:27:07,163 - DEBUG - Importing XbmImagePlugin
2024-11-10 00:27:07,164 - DEBUG - Importing XpmImagePlugin
2024-11-10 00:27:07,164 - DEBUG - Importing XVThumbImagePlugin
2024-11-10 00:27:19,632 - INFO - Queue cleared for AnyDesk v4 Printer Driver.
2024-11-10 00:27:34,641 - INFO - Queue cleared for AnyDesk v4 Printer Driver.
2024-11-10 00:27:49,647 - INFO - Queue cleared for AnyDesk v4 Printer Driver.
2024-11-10 00:28:04,660 - INFO - Queue cleared for AnyDesk v4 Printer Driver.
2024-11-10 00:28:19,668 - INFO - Queue cleared for AnyDesk v4 Printer Driver.
2024-11-10 00:28:34,670 - INFO - Queue cleared for AnyDesk v4 Printer Driver.
2024-11-10 00:28:49,675 - INFO - Queue cleared for AnyDesk v4 Printer Driver.
2024-11-10 00:29:04,676 - INFO - Queue cleared for AnyDesk v4 Printer Driver.
2024-11-10 00:29:19,687 - INFO - Queue cleared for AnyDesk v4 Printer Driver.
2024-11-10 00:29:34,693 - INFO - Queue cleared for AnyDesk v4 Printer Driver.
2024-11-10 00:29:49,701 - INFO - Queue cleared for AnyDesk v4 Printer Driver.
2024-11-10 00:30:04,711 - INFO - Queue cleared for AnyDesk v4 Printer Driver.
2024-11-10 00:30:19,712 - INFO - Queue cleared for AnyDesk v4 Printer Driver.
2024-11-10 00:30:34,726 - INFO - Queue cleared for AnyDesk v4 Printer Driver.
2024-11-10 00:30:49,728 - INFO - Queue cleared for AnyDesk v4 Printer Driver.
2024-11-10 00:31:04,735 - INFO - Queue cleared for AnyDesk v4 Printer Driver.
2024-11-10 00:31:19,735 - INFO - Queue cleared for AnyDesk v4 Printer Driver.
2024-11-10 00:31:34,750 - INFO - Queue cleared for AnyDesk v4 Printer Driver.
2024-11-10 00:31:49,757 - INFO - Queue cleared for AnyDesk v4 Printer Driver.
2024-11-10 00:32:04,769 - INFO - Queue cleared for AnyDesk v4 Printer Driver.
2024-11-10 00:32:19,775 - INFO - Queue cleared for AnyDesk v4 Printer Driver.
2024-11-10 00:32:34,785 - INFO - Queue cleared for AnyDesk v4 Printer Driver.
2024-11-10 00:32:49,790 - INFO - Queue cleared for AnyDesk v4 Printer Driver.
2024-11-10 00:33:04,791 - INFO - Queue cleared for AnyDesk v4 Printer Driver.
2024-11-10 00:33:19,794 - INFO - Queue cleared for AnyDesk v4 Printer Driver.
2024-11-10 00:33:34,794 - INFO - Queue cleared for AnyDesk v4 Printer Driver.
2024-11-10 00:33:49,796 - INFO - Queue cleared for AnyDesk v4 Printer Driver.
2024-11-10 00:34:04,808 - INFO - Queue cleared for AnyDesk v4 Printer Driver.
2024-11-10 00:34:19,821 - INFO - Queue cleared for AnyDesk v4 Printer Driver.
2024-11-10 00:34:34,835 - INFO - Queue cleared for AnyDesk v4 Printer Driver.
2024-11-10 00:34:49,840 - INFO - Queue cleared for AnyDesk v4 Printer Driver.
2024-11-10 00:35:04,843 - INFO - Queue cleared for AnyDesk v4 Printer Driver.
2024-11-10 00:35:19,848 - INFO - Queue cleared for AnyDesk v4 Printer Driver.
2024-11-10 00:35:34,862 - INFO - Queue cleared for AnyDesk v4 Printer Driver.
2024-11-10 00:35:49,864 - INFO - Queue cleared for AnyDesk v4 Printer Driver.
2024-11-10 00:36:04,873 - INFO - Queue cleared for AnyDesk v4 Printer Driver.
2024-11-10 00:36:19,884 - INFO - Queue cleared for AnyDesk v4 Printer Driver.
2024-11-10 00:36:34,893 - INFO - Queue cleared for AnyDesk v4 Printer Driver.
2024-11-10 00:36:49,898 - INFO - Queue cleared for AnyDesk v4 Printer Driver.
2024-11-10 00:37:04,910 - INFO - Queue cleared for AnyDesk v4 Printer Driver.
2024-11-10 00:37:19,914 - INFO - Queue cleared for AnyDesk v4 Printer Driver.
2024-11-10 00:37:34,922 - INFO - Queue cleared for AnyDesk v4 Printer Driver.
2024-11-10 00:37:49,926 - INFO - Queue cleared for AnyDesk v4 Printer Driver.
2024-11-10 00:38:04,930 - INFO - Queue cleared for AnyDesk v4 Printer Driver.
2024-11-10 00:38:19,942 - INFO - Queue cleared for AnyDesk v4 Printer Driver.
2024-11-10 00:38:34,943 - INFO - Queue cleared for AnyDesk v4 Printer Driver.
2024-11-10 00:38:49,950 - INFO - Queue cleared for AnyDesk v4 Printer Driver.
2024-11-10 00:39:04,963 - INFO - Queue cleared for AnyDesk v4 Printer Driver.
2024-11-10 00:39:19,974 - INFO - Queue cleared for AnyDesk v4 Printer Driver.
2024-11-10 00:39:34,987 - INFO - Queue cleared for AnyDesk v4 Printer Driver.
2024-11-10 00:39:49,997 - INFO - Queue cleared for AnyDesk v4 Printer Driver.
2024-11-10 00:40:05,003 - INFO - Queue cleared for AnyDesk v4 Printer Driver.
2024-11-10 00:40:20,004 - INFO - Queue cleared for AnyDesk v4 Printer Driver.
2024-11-10 00:40:35,014 - INFO - Queue cleared for AnyDesk v4 Printer Driver.
2024-11-10 00:40:50,029 - INFO - Queue cleared for AnyDesk v4 Printer Driver.
2024-11-10 00:41:05,032 - INFO - Queue cleared for AnyDesk v4 Printer Driver.
2024-11-10 00:41:20,042 - INFO - Queue cleared for AnyDesk v4 Printer Driver.
2024-11-10 00:41:35,043 - INFO - Queue cleared for AnyDesk v4 Printer Driver.
2024-11-10 00:41:50,045 - INFO - Queue cleared for AnyDesk v4 Printer Driver.
2024-11-10 00:42:05,052 - INFO - Queue cleared for AnyDesk v4 Printer Driver.
2024-11-10 00:42:20,067 - INFO - Queue cleared for AnyDesk v4 Printer Driver.
2024-11-10 00:42:35,081 - INFO - Queue cleared for AnyDesk v4 Printer Driver.
2024-11-10 00:42:50,082 - INFO - Queue cleared for AnyDesk v4 Printer Driver.
2024-11-10 00:43:05,090 - INFO - Queue cleared for AnyDesk v4 Printer Driver.
2024-11-10 00:43:20,094 - INFO - Queue cleared for AnyDesk v4 Printer Driver.
2024-11-10 00:43:35,099 - INFO - Queue cleared for AnyDesk v4 Printer Driver.
2024-11-10 00:43:50,114 - INFO - Queue cleared for AnyDesk v4 Printer Driver.
2024-11-10 00:43:53,624 - ERROR - Error destroying window: main thread is not in main loop
